<?xml version="1.0" encoding="UTF-8"?>
<testsuite name="com.example.giscord.GiscordApplicationTests" tests="1" skipped="0" failures="0" errors="0" timestamp="2026-02-01T20:41:48.984Z" hostname="DESKTOP-9EOQGNI" time="1.787">
  <properties/>
  <testcase name="contextLoads()" classname="com.example.giscord.GiscordApplicationTests" time="1.787"/>
  <system-out><![CDATA[02:11:33.261 [Test worker] INFO org.springframework.test.context.support.AnnotationConfigContextLoaderUtils -- Could not detect default configuration classes for test class [com.example.giscord.GiscordApplicationTests]: GiscordApplicationTests does not declare any static, non-private, non-final, nested classes annotated with @Configuration.
02:11:33.440 [Test worker] INFO org.springframework.boot.test.context.SpringBootTestContextBootstrapper -- Found @SpringBootConfiguration com.example.giscord.GiscordApplication for test class com.example.giscord.GiscordApplicationTests

  .   ____          _            __ _ _
 /\\ / ___'_ __ _ _(_)_ __  __ _ \ \ \ \
( ( )\___ | '_ | '_| | '_ \/ _` | \ \ \ \
 \\/  ___)| |_)| | | | | || (_| |  ) ) ) )
  '  |____| .__|_| |_|_| |_\__, | / / / /
 =========|_|==============|___/=/_/_/_/

 :: Spring Boot ::                (v3.5.7)

2026-02-02T02:11:34.206+05:30  INFO 4528 --- [    Test worker] c.e.giscord.GiscordApplicationTests      : Starting GiscordApplicationTests using Java 21.0.8 with PID 4528 (started by hp in D:\Dac\Java_eclipse\cadc-project\Day8\cdac-project-internal)
2026-02-02T02:11:34.208+05:30  INFO 4528 --- [    Test worker] c.e.giscord.GiscordApplicationTests      : No active profile set, falling back to 1 default profile: "default"
2026-02-02T02:11:35.762+05:30  INFO 4528 --- [    Test worker] .s.d.r.c.RepositoryConfigurationDelegate : Multiple Spring Data modules found, entering strict repository configuration mode
2026-02-02T02:11:35.766+05:30  INFO 4528 --- [    Test worker] .s.d.r.c.RepositoryConfigurationDelegate : Bootstrapping Spring Data JPA repositories in DEFAULT mode.
2026-02-02T02:11:36.257+05:30  INFO 4528 --- [    Test worker] .s.d.r.c.RepositoryConfigurationDelegate : Finished Spring Data repository scanning in 443 ms. Found 7 JPA repository interfaces.
2026-02-02T02:11:36.295+05:30  INFO 4528 --- [    Test worker] .s.d.r.c.RepositoryConfigurationDelegate : Multiple Spring Data modules found, entering strict repository configuration mode
2026-02-02T02:11:36.297+05:30  INFO 4528 --- [    Test worker] .s.d.r.c.RepositoryConfigurationDelegate : Bootstrapping Spring Data Redis repositories in DEFAULT mode.
2026-02-02T02:11:36.326+05:30  INFO 4528 --- [    Test worker] .RepositoryConfigurationExtensionSupport : Spring Data Redis - Could not safely identify store assignment for repository candidate interface com.example.giscord.repository.AttachmentRepository; If you want this repository to be a Redis repository, consider annotating your entities with one of these annotations: org.springframework.data.redis.core.RedisHash (preferred), or consider extending one of the following types with your repository: org.springframework.data.keyvalue.repository.KeyValueRepository
2026-02-02T02:11:36.326+05:30  INFO 4528 --- [    Test worker] .RepositoryConfigurationExtensionSupport : Spring Data Redis - Could not safely identify store assignment for repository candidate interface com.example.giscord.repository.ChannelMembershipRepository; If you want this repository to be a Redis repository, consider annotating your entities with one of these annotations: org.springframework.data.redis.core.RedisHash (preferred), or consider extending one of the following types with your repository: org.springframework.data.keyvalue.repository.KeyValueRepository
2026-02-02T02:11:36.326+05:30  INFO 4528 --- [    Test worker] .RepositoryConfigurationExtensionSupport : Spring Data Redis - Could not safely identify store assignment for repository candidate interface com.example.giscord.repository.ChannelRepository; If you want this repository to be a Redis repository, consider annotating your entities with one of these annotations: org.springframework.data.redis.core.RedisHash (preferred), or consider extending one of the following types with your repository: org.springframework.data.keyvalue.repository.KeyValueRepository
2026-02-02T02:11:36.328+05:30  INFO 4528 --- [    Test worker] .RepositoryConfigurationExtensionSupport : Spring Data Redis - Could not safely identify store assignment for repository candidate interface com.example.giscord.repository.GuildMembershipRepository; If you want this repository to be a Redis repository, consider annotating your entities with one of these annotations: org.springframework.data.redis.core.RedisHash (preferred), or consider extending one of the following types with your repository: org.springframework.data.keyvalue.repository.KeyValueRepository
2026-02-02T02:11:36.328+05:30  INFO 4528 --- [    Test worker] .RepositoryConfigurationExtensionSupport : Spring Data Redis - Could not safely identify store assignment for repository candidate interface com.example.giscord.repository.GuildRepository; If you want this repository to be a Redis repository, consider annotating your entities with one of these annotations: org.springframework.data.redis.core.RedisHash (preferred), or consider extending one of the following types with your repository: org.springframework.data.keyvalue.repository.KeyValueRepository
2026-02-02T02:11:36.329+05:30  INFO 4528 --- [    Test worker] .RepositoryConfigurationExtensionSupport : Spring Data Redis - Could not safely identify store assignment for repository candidate interface com.example.giscord.repository.MessageRepository; If you want this repository to be a Redis repository, consider annotating your entities with one of these annotations: org.springframework.data.redis.core.RedisHash (preferred), or consider extending one of the following types with your repository: org.springframework.data.keyvalue.repository.KeyValueRepository
2026-02-02T02:11:36.329+05:30  INFO 4528 --- [    Test worker] .RepositoryConfigurationExtensionSupport : Spring Data Redis - Could not safely identify store assignment for repository candidate interface com.example.giscord.repository.UserRepository; If you want this repository to be a Redis repository, consider annotating your entities with one of these annotations: org.springframework.data.redis.core.RedisHash (preferred), or consider extending one of the following types with your repository: org.springframework.data.keyvalue.repository.KeyValueRepository
2026-02-02T02:11:36.330+05:30  INFO 4528 --- [    Test worker] .s.d.r.c.RepositoryConfigurationDelegate : Finished Spring Data repository scanning in 14 ms. Found 0 Redis repository interfaces.
2026-02-02T02:11:38.292+05:30  INFO 4528 --- [    Test worker] com.zaxxer.hikari.HikariDataSource       : HikariPool-1 - Starting...
2026-02-02T02:11:38.817+05:30  INFO 4528 --- [    Test worker] com.zaxxer.hikari.pool.HikariPool        : HikariPool-1 - Added connection com.mysql.cj.jdbc.ConnectionImpl@4ea48b2e
2026-02-02T02:11:38.821+05:30  INFO 4528 --- [    Test worker] com.zaxxer.hikari.HikariDataSource       : HikariPool-1 - Start completed.
2026-02-02T02:11:39.155+05:30  INFO 4528 --- [    Test worker] org.flywaydb.core.FlywayExecutor         : Database: jdbc:mysql://localhost:3307/discord_db?useSSL=false&allowPublicKeyRetrieval=true (MySQL 8.4)
2026-02-02T02:11:39.894+05:30  WARN 4528 --- [    Test worker] o.f.c.internal.database.base.Database    : Flyway upgrade recommended: MySQL 8.4 is newer than this version of Flyway and support has not been tested. The latest supported version of MySQL is 8.1.
2026-02-02T02:11:40.045+05:30  INFO 4528 --- [    Test worker] o.f.core.internal.command.DbValidate     : Successfully validated 9 migrations (execution time 00:00.124s)
2026-02-02T02:11:40.092+05:30  INFO 4528 --- [    Test worker] o.f.core.internal.command.DbMigrate      : Current version of schema `discord_db`: 9
2026-02-02T02:11:40.101+05:30  INFO 4528 --- [    Test worker] o.f.core.internal.command.DbMigrate      : Schema `discord_db` is up to date. No migration necessary.
2026-02-02T02:11:40.320+05:30  INFO 4528 --- [    Test worker] o.hibernate.jpa.internal.util.LogHelper  : HHH000204: Processing PersistenceUnitInfo [name: default]
2026-02-02T02:11:40.469+05:30  INFO 4528 --- [    Test worker] org.hibernate.Version                    : HHH000412: Hibernate ORM core version 6.6.33.Final
2026-02-02T02:11:40.567+05:30  INFO 4528 --- [    Test worker] o.h.c.internal.RegionFactoryInitiator    : HHH000026: Second-level cache disabled
2026-02-02T02:11:41.155+05:30  INFO 4528 --- [    Test worker] o.s.o.j.p.SpringPersistenceUnitInfo      : No LoadTimeWeaver setup: ignoring JPA class transformer
2026-02-02T02:11:41.311+05:30  INFO 4528 --- [    Test worker] org.hibernate.orm.connections.pooling    : HHH10001005: Database info:
	Database JDBC URL [Connecting through datasource 'HikariDataSource (HikariPool-1)']
	Database driver: undefined/unknown
	Database version: 8.4.8
	Autocommit mode: undefined/unknown
	Isolation level: undefined/unknown
	Minimum pool size: undefined/unknown
	Maximum pool size: undefined/unknown
2026-02-02T02:11:42.844+05:30  INFO 4528 --- [    Test worker] o.h.e.t.j.p.i.JtaPlatformInitiator       : HHH000489: No JTA platform available (set 'hibernate.transaction.jta.platform' to enable JTA platform integration)
2026-02-02T02:11:42.966+05:30  INFO 4528 --- [    Test worker] j.LocalContainerEntityManagerFactoryBean : Initialized JPA EntityManagerFactory for persistence unit 'default'
2026-02-02T02:11:43.564+05:30  INFO 4528 --- [    Test worker] o.s.d.j.r.query.QueryEnhancerFactory     : Hibernate is in classpath; If applicable, HQL parser will be used.
2026-02-02T02:11:46.674+05:30  INFO 4528 --- [    Test worker] r$InitializeUserDetailsManagerConfigurer : Global AuthenticationManager configured with UserDetailsService bean with name customUserDetailsService
2026-02-02T02:11:46.987+05:30 DEBUG 4528 --- [    Test worker] o.s.w.s.s.s.WebSocketHandlerMapping      : Patterns [/ws] in 'webSocketHandlerMapping'
2026-02-02T02:11:47.450+05:30  INFO 4528 --- [    Test worker] o.s.b.a.e.web.EndpointLinksResolver      : Exposing 1 endpoint beneath base path '/actuator'
2026-02-02T02:11:47.623+05:30 DEBUG 4528 --- [    Test worker] o.s.s.web.DefaultSecurityFilterChain     : Will secure any request with filters: DisableEncodeUrlFilter, WebAsyncManagerIntegrationFilter, SecurityContextHolderFilter, HeaderWriterFilter, CorsFilter, LogoutFilter, JwtAuthenticationFilter, RequestCacheAwareFilter, SecurityContextHolderAwareRequestFilter, AnonymousAuthenticationFilter, ExceptionTranslationFilter, AuthorizationFilter
2026-02-02T02:11:48.623+05:30  INFO 4528 --- [    Test worker] c.e.giscord.GiscordApplicationTests      : Started GiscordApplicationTests in 14.959 seconds (process running for 18.017)
]]></system-out>
  <system-err><![CDATA[Mockito is currently self-attaching to enable the inline-mock-maker. This will no longer work in future releases of the JDK. Please add Mockito as an agent to your build as described in Mockito's documentation: https://javadoc.io/doc/org.mockito/mockito-core/latest/org.mockito/org/mockito/Mockito.html#0.3
WARNING: A Java agent has been loaded dynamically (C:\Users\hp\.gradle\caches\modules-2\files-2.1\net.bytebuddy\byte-buddy-agent\1.17.8\f09415827a71be7ed621c7bd02550678f28bc81c\byte-buddy-agent-1.17.8.jar)
WARNING: If a serviceability tool is in use, please run with -XX:+EnableDynamicAgentLoading to hide this warning
WARNING: If a serviceability tool is not in use, please run with -Djdk.instrument.traceUsage for more information
WARNING: Dynamic loading of agents will be disallowed by default in a future release
]]></system-err>
</testsuite>
